<?xml version="1.0" encoding="UTF-8"?>
<!-- Generated by org.testng.reporters.JUnitReportReporter -->
<testsuite hostname="LAPTOP-MSTO7RQ5" failures="0" tests="1" name="test.LoginTest" time="22.285" errors="0" timestamp="2022-11-28T08:37:10 EST" skipped="0">
  <testcase classname="test.LoginTest" name="userShouldBeAbleToLogin" time="22.285"/>
  <system-out/>
</testsuite> <!-- test.LoginTest -->
