<?xml version="1.0" encoding="UTF-8"?>
<!-- Generated by org.testng.reporters.JUnitReportReporter -->
<testsuite hostname="LAPTOP-MSTO7RQ5" failures="0" tests="1" name="test.AddContactTest" time="6.027" errors="0" timestamp="2022-11-28T10:50:31 EST" skipped="0">
  <testcase classname="test.AddContactTest" name="userShouldBeAbleToAddCustomer" time="6.027"/>
  <system-out/>
</testsuite> <!-- test.AddContactTest -->
